build/outputs/logs/manifest-merger-debug-report.txt
-- Merging decision tree log ---
manifest
ADDED from BudgetKeeper\AndroidManifest.xml:2:1-55:12
	package
		ADDED from BudgetKeeper\AndroidManifest.xml:3:5-39
	android:versionName
		ADDED from BudgetKeeper\AndroidManifest.xml:5:5-30
		INJECTED from BudgetKeeper\AndroidManifest.xml
		INJECTED from BudgetKeeper\AndroidManifest.xml
	android:versionCode
		ADDED from BudgetKeeper\AndroidManifest.xml:4:5-28
		INJECTED from BudgetKeeper\AndroidManifest.xml
		INJECTED from BudgetKeeper\AndroidManifest.xml
	xmlns:android
		ADDED from BudgetKeeper\AndroidManifest.xml:2:11-69
uses-sdk
ADDED from BudgetKeeper\AndroidManifest.xml:7:5-9:41
	android:targetSdkVersion
		ADDED from BudgetKeeper\AndroidManifest.xml:9:9-38
	android:minSdkVersion
		ADDED from BudgetKeeper\AndroidManifest.xml:8:9-35
application
ADDED from BudgetKeeper\AndroidManifest.xml:11:5-53:19
	android:label
		ADDED from BudgetKeeper\AndroidManifest.xml:14:9-41
	android:allowBackup
		ADDED from BudgetKeeper\AndroidManifest.xml:12:9-35
	android:icon
		ADDED from BudgetKeeper\AndroidManifest.xml:13:9-38
	android:theme
		ADDED from BudgetKeeper\AndroidManifest.xml:15:9-40
activity#com.example.budgetkeeper.MainActivity
ADDED from BudgetKeeper\AndroidManifest.xml:16:9-25:20
	android:label
		ADDED from BudgetKeeper\AndroidManifest.xml:18:13-45
	android:launchMode
		ADDED from BudgetKeeper\AndroidManifest.xml:19:13-44
	android:name
		ADDED from BudgetKeeper\AndroidManifest.xml:17:13-41
intent-filter#android.intent.action.MAIN+android.intent.category.LAUNCHER
ADDED from BudgetKeeper\AndroidManifest.xml:20:13-24:29
action#android.intent.action.MAIN
ADDED from BudgetKeeper\AndroidManifest.xml:21:17-69
	android:name
		ADDED from BudgetKeeper\AndroidManifest.xml:21:25-66
category#android.intent.category.LAUNCHER
ADDED from BudgetKeeper\AndroidManifest.xml:23:17-77
	android:name
		ADDED from BudgetKeeper\AndroidManifest.xml:23:27-74
activity#com.example.budgetkeeper.newentry
ADDED from BudgetKeeper\AndroidManifest.xml:26:9-30:20
	android:label
		ADDED from BudgetKeeper\AndroidManifest.xml:28:13-45
	android:launchMode
		ADDED from BudgetKeeper\AndroidManifest.xml:29:13-44
	android:name
		ADDED from BudgetKeeper\AndroidManifest.xml:27:13-37
activity#com.example.budgetkeeper.view
ADDED from BudgetKeeper\AndroidManifest.xml:31:9-35:20
	android:label
		ADDED from BudgetKeeper\AndroidManifest.xml:33:13-45
	android:launchMode
		ADDED from BudgetKeeper\AndroidManifest.xml:34:13-44
	android:name
		ADDED from BudgetKeeper\AndroidManifest.xml:32:13-33
activity#com.example.budgetkeeper.graph
ADDED from BudgetKeeper\AndroidManifest.xml:36:9-40:20
	android:label
		ADDED from BudgetKeeper\AndroidManifest.xml:38:13-45
	android:launchMode
		ADDED from BudgetKeeper\AndroidManifest.xml:39:13-44
	android:name
		ADDED from BudgetKeeper\AndroidManifest.xml:37:13-34
activity#com.example.budgetkeeper.calendar
ADDED from BudgetKeeper\AndroidManifest.xml:41:9-45:20
	android:label
		ADDED from BudgetKeeper\AndroidManifest.xml:43:13-45
	android:launchMode
		ADDED from BudgetKeeper\AndroidManifest.xml:44:13-44
	android:name
		ADDED from BudgetKeeper\AndroidManifest.xml:42:13-37
activity#com.example.budgetkeeper.Editentry
ADDED from BudgetKeeper\AndroidManifest.xml:46:9-51:20
	android:label
		ADDED from BudgetKeeper\AndroidManifest.xml:48:13-61
	android:launchMode
		ADDED from BudgetKeeper\AndroidManifest.xml:49:13-44
	android:theme
		ADDED from BudgetKeeper\AndroidManifest.xml:50:13-56
	android:name
		ADDED from BudgetKeeper\AndroidManifest.xml:47:13-38
activity#org.achartengine.GraphicalActivity
ADDED from BudgetKeeper\AndroidManifest.xml:52:9-80
	android:name
		ADDED from BudgetKeeper\AndroidManifest.xml:52:19-68